[ 2014-08-27T17:19:38+08:00 ] ERR: (ThinkException) Access denied for user 'taglog'@'localhost' (using password: YES)
[ 2014-08-27T17:21:00+08:00 ] ERR: (ThinkException) Access denied for user 'taglog'@'localhost' (using password: YES)
[ 2014-08-27T17:25:03+08:00 ] 192.168.1.196 /taglog/admin.php?m=index&a=index
ERR: Table 'taglog.tl_navigation' doesn't exist
 [ SQL语句 ] : SHOW COLUMNS FROM `tl_navigation`
ERR: Table 'taglog.tl_permission' doesn't exist
 [ SQL语句 ] : SHOW COLUMNS FROM `tl_permission`
ERR: Unknown column 'navigation' in 'field list'
 [ SQL语句 ] : SELECT `navigation` FROM `tl_user` WHERE ( user_id = 1 ) LIMIT 1  
ERR: Table 'taglog.tl_navigation' doesn't exist
 [ SQL语句 ] : SELECT * FROM `tl_navigation` 
ERR: You have an error in your SQL syntax; check the manual that corresponds to your MySQL server version for the right syntax to use near '%d )' at line 1
 [ SQL语句 ] : SELECT `url` FROM `tl_permission` WHERE ( position_id = %d ) 
ERR: Unknown column 'simple_menu' in 'field list'
 [ SQL语句 ] : SELECT `simple_menu` FROM `tl_user` WHERE ( user_id = 1 ) LIMIT 1  

[ 2014-08-27T17:25:08+08:00 ] 192.168.1.196 /taglog/admin.php?m=product&a=index
ERR: Table 'taglog.tl_navigation' doesn't exist
 [ SQL语句 ] : SHOW COLUMNS FROM `tl_navigation`
ERR: Table 'taglog.tl_permission' doesn't exist
 [ SQL语句 ] : SHOW COLUMNS FROM `tl_permission`
ERR: Unknown column 'navigation' in 'field list'
 [ SQL语句 ] : SELECT `navigation` FROM `tl_user` WHERE ( user_id = 1 ) LIMIT 1  
ERR: Table 'taglog.tl_navigation' doesn't exist
 [ SQL语句 ] : SELECT * FROM `tl_navigation` 
ERR: You have an error in your SQL syntax; check the manual that corresponds to your MySQL server version for the right syntax to use near '%d )' at line 1
 [ SQL语句 ] : SELECT `url` FROM `tl_permission` WHERE ( position_id = %d ) 
ERR: Unknown column 'simple_menu' in 'field list'
 [ SQL语句 ] : SELECT `simple_menu` FROM `tl_user` WHERE ( user_id = 1 ) LIMIT 1  

[ 2014-08-27T17:25:10+08:00 ] 192.168.1.196 /taglog/admin.php?m=member&a=index
ERR: Table 'taglog.tl_navigation' doesn't exist
 [ SQL语句 ] : SHOW COLUMNS FROM `tl_navigation`
ERR: Table 'taglog.tl_permission' doesn't exist
 [ SQL语句 ] : SHOW COLUMNS FROM `tl_permission`
ERR: Unknown column 'navigation' in 'field list'
 [ SQL语句 ] : SELECT `navigation` FROM `tl_user` WHERE ( user_id = 1 ) LIMIT 1  
ERR: Table 'taglog.tl_navigation' doesn't exist
 [ SQL语句 ] : SELECT * FROM `tl_navigation` 
ERR: You have an error in your SQL syntax; check the manual that corresponds to your MySQL server version for the right syntax to use near '%d )' at line 1
 [ SQL语句 ] : SELECT `url` FROM `tl_permission` WHERE ( position_id = %d ) 
ERR: Unknown column 'simple_menu' in 'field list'
 [ SQL语句 ] : SELECT `simple_menu` FROM `tl_user` WHERE ( user_id = 1 ) LIMIT 1  

[ 2014-08-27T17:25:11+08:00 ] 192.168.1.196 /taglog/admin.php?m=product&a=index
ERR: Table 'taglog.tl_navigation' doesn't exist
 [ SQL语句 ] : SHOW COLUMNS FROM `tl_navigation`
ERR: Table 'taglog.tl_permission' doesn't exist
 [ SQL语句 ] : SHOW COLUMNS FROM `tl_permission`
ERR: Unknown column 'navigation' in 'field list'
 [ SQL语句 ] : SELECT `navigation` FROM `tl_user` WHERE ( user_id = 1 ) LIMIT 1  
ERR: Table 'taglog.tl_navigation' doesn't exist
 [ SQL语句 ] : SELECT * FROM `tl_navigation` 
ERR: You have an error in your SQL syntax; check the manual that corresponds to your MySQL server version for the right syntax to use near '%d )' at line 1
 [ SQL语句 ] : SELECT `url` FROM `tl_permission` WHERE ( position_id = %d ) 
ERR: Unknown column 'simple_menu' in 'field list'
 [ SQL语句 ] : SELECT `simple_menu` FROM `tl_user` WHERE ( user_id = 1 ) LIMIT 1  

[ 2014-08-27T17:25:12+08:00 ] 192.168.1.196 /taglog/admin.php?m=feedback&a=index
ERR: Table 'taglog.tl_navigation' doesn't exist
 [ SQL语句 ] : SHOW COLUMNS FROM `tl_navigation`
ERR: Table 'taglog.tl_permission' doesn't exist
 [ SQL语句 ] : SHOW COLUMNS FROM `tl_permission`
ERR: Unknown column 'navigation' in 'field list'
 [ SQL语句 ] : SELECT `navigation` FROM `tl_user` WHERE ( user_id = 1 ) LIMIT 1  
ERR: Table 'taglog.tl_navigation' doesn't exist
 [ SQL语句 ] : SELECT * FROM `tl_navigation` 
ERR: You have an error in your SQL syntax; check the manual that corresponds to your MySQL server version for the right syntax to use near '%d )' at line 1
 [ SQL语句 ] : SELECT `url` FROM `tl_permission` WHERE ( position_id = %d ) 
ERR: Unknown column 'simple_menu' in 'field list'
 [ SQL语句 ] : SELECT `simple_menu` FROM `tl_user` WHERE ( user_id = 1 ) LIMIT 1  

[ 2014-08-27T17:25:13+08:00 ] 192.168.1.196 /taglog/admin.php?m=video&a=index
ERR: Table 'taglog.tl_navigation' doesn't exist
 [ SQL语句 ] : SHOW COLUMNS FROM `tl_navigation`
ERR: Table 'taglog.tl_permission' doesn't exist
 [ SQL语句 ] : SHOW COLUMNS FROM `tl_permission`
ERR: Unknown column 'navigation' in 'field list'
 [ SQL语句 ] : SELECT `navigation` FROM `tl_user` WHERE ( user_id = 1 ) LIMIT 1  
ERR: Table 'taglog.tl_navigation' doesn't exist
 [ SQL语句 ] : SELECT * FROM `tl_navigation` 
ERR: You have an error in your SQL syntax; check the manual that corresponds to your MySQL server version for the right syntax to use near '%d )' at line 1
 [ SQL语句 ] : SELECT `url` FROM `tl_permission` WHERE ( position_id = %d ) 
ERR: Unknown column 'simple_menu' in 'field list'
 [ SQL语句 ] : SELECT `simple_menu` FROM `tl_user` WHERE ( user_id = 1 ) LIMIT 1  

[ 2014-08-27T17:25:25+08:00 ] 192.168.1.196 /taglog/admin.php?m=video&a=index
ERR: Table 'taglog.tl_navigation' doesn't exist
 [ SQL语句 ] : SHOW COLUMNS FROM `tl_navigation`
ERR: Table 'taglog.tl_permission' doesn't exist
 [ SQL语句 ] : SHOW COLUMNS FROM `tl_permission`
ERR: Unknown column 'navigation' in 'field list'
 [ SQL语句 ] : SELECT `navigation` FROM `tl_user` WHERE ( user_id = 1 ) LIMIT 1  
ERR: Table 'taglog.tl_navigation' doesn't exist
 [ SQL语句 ] : SELECT * FROM `tl_navigation` 
ERR: You have an error in your SQL syntax; check the manual that corresponds to your MySQL server version for the right syntax to use near '%d )' at line 1
 [ SQL语句 ] : SELECT `url` FROM `tl_permission` WHERE ( position_id = %d ) 
ERR: Unknown column 'simple_menu' in 'field list'
 [ SQL语句 ] : SELECT `simple_menu` FROM `tl_user` WHERE ( user_id = 1 ) LIMIT 1  

[ 2014-08-27T17:25:28+08:00 ] 192.168.1.196 /taglog/admin.php?m=video&a=index&content=&p=16
ERR: Table 'taglog.tl_navigation' doesn't exist
 [ SQL语句 ] : SHOW COLUMNS FROM `tl_navigation`
ERR: Table 'taglog.tl_permission' doesn't exist
 [ SQL语句 ] : SHOW COLUMNS FROM `tl_permission`
ERR: Unknown column 'navigation' in 'field list'
 [ SQL语句 ] : SELECT `navigation` FROM `tl_user` WHERE ( user_id = 1 ) LIMIT 1  
ERR: Table 'taglog.tl_navigation' doesn't exist
 [ SQL语句 ] : SELECT * FROM `tl_navigation` 
ERR: You have an error in your SQL syntax; check the manual that corresponds to your MySQL server version for the right syntax to use near '%d )' at line 1
 [ SQL语句 ] : SELECT `url` FROM `tl_permission` WHERE ( position_id = %d ) 
ERR: Unknown column 'simple_menu' in 'field list'
 [ SQL语句 ] : SELECT `simple_menu` FROM `tl_user` WHERE ( user_id = 1 ) LIMIT 1  

[ 2014-08-27T17:25:33+08:00 ] 192.168.1.196 /taglog/admin.php?m=video&a=index&content=&p=15
ERR: Table 'taglog.tl_navigation' doesn't exist
 [ SQL语句 ] : SHOW COLUMNS FROM `tl_navigation`
ERR: Table 'taglog.tl_permission' doesn't exist
 [ SQL语句 ] : SHOW COLUMNS FROM `tl_permission`
ERR: Unknown column 'navigation' in 'field list'
 [ SQL语句 ] : SELECT `navigation` FROM `tl_user` WHERE ( user_id = 1 ) LIMIT 1  
ERR: Table 'taglog.tl_navigation' doesn't exist
 [ SQL语句 ] : SELECT * FROM `tl_navigation` 
ERR: You have an error in your SQL syntax; check the manual that corresponds to your MySQL server version for the right syntax to use near '%d )' at line 1
 [ SQL语句 ] : SELECT `url` FROM `tl_permission` WHERE ( position_id = %d ) 
ERR: Unknown column 'simple_menu' in 'field list'
 [ SQL语句 ] : SELECT `simple_menu` FROM `tl_user` WHERE ( user_id = 1 ) LIMIT 1  

[ 2014-08-27T17:25:40+08:00 ] 192.168.1.196 /taglog/admin.php?m=video&a=index&content=&p=1
ERR: Table 'taglog.tl_navigation' doesn't exist
 [ SQL语句 ] : SHOW COLUMNS FROM `tl_navigation`
ERR: Table 'taglog.tl_permission' doesn't exist
 [ SQL语句 ] : SHOW COLUMNS FROM `tl_permission`
ERR: Unknown column 'navigation' in 'field list'
 [ SQL语句 ] : SELECT `navigation` FROM `tl_user` WHERE ( user_id = 1 ) LIMIT 1  
ERR: Table 'taglog.tl_navigation' doesn't exist
 [ SQL语句 ] : SELECT * FROM `tl_navigation` 
ERR: You have an error in your SQL syntax; check the manual that corresponds to your MySQL server version for the right syntax to use near '%d )' at line 1
 [ SQL语句 ] : SELECT `url` FROM `tl_permission` WHERE ( position_id = %d ) 
ERR: Unknown column 'simple_menu' in 'field list'
 [ SQL语句 ] : SELECT `simple_menu` FROM `tl_user` WHERE ( user_id = 1 ) LIMIT 1  

[ 2014-08-27T17:26:01+08:00 ] 192.168.1.196 /taglog/admin.php?m=video&a=index&content=free
ERR: Table 'taglog.tl_navigation' doesn't exist
 [ SQL语句 ] : SHOW COLUMNS FROM `tl_navigation`
ERR: Table 'taglog.tl_permission' doesn't exist
 [ SQL语句 ] : SHOW COLUMNS FROM `tl_permission`
ERR: Unknown column 'navigation' in 'field list'
 [ SQL语句 ] : SELECT `navigation` FROM `tl_user` WHERE ( user_id = 1 ) LIMIT 1  
ERR: Table 'taglog.tl_navigation' doesn't exist
 [ SQL语句 ] : SELECT * FROM `tl_navigation` 
ERR: You have an error in your SQL syntax; check the manual that corresponds to your MySQL server version for the right syntax to use near '%d )' at line 1
 [ SQL语句 ] : SELECT `url` FROM `tl_permission` WHERE ( position_id = %d ) 
ERR: Unknown column 'simple_menu' in 'field list'
 [ SQL语句 ] : SELECT `simple_menu` FROM `tl_user` WHERE ( user_id = 1 ) LIMIT 1  

[ 2014-08-27T17:27:34+08:00 ] 192.168.1.196 /taglog/admin.php
ERR: Table 'taglog.tl_navigation' doesn't exist
 [ SQL语句 ] : SHOW COLUMNS FROM `tl_navigation`
ERR: Table 'taglog.tl_permission' doesn't exist
 [ SQL语句 ] : SHOW COLUMNS FROM `tl_permission`
ERR: Unknown column 'navigation' in 'field list'
 [ SQL语句 ] : SELECT `navigation` FROM `tl_user` WHERE ( user_id = 1 ) LIMIT 1  
ERR: Table 'taglog.tl_navigation' doesn't exist
 [ SQL语句 ] : SELECT * FROM `tl_navigation` 
ERR: You have an error in your SQL syntax; check the manual that corresponds to your MySQL server version for the right syntax to use near '%d )' at line 1
 [ SQL语句 ] : SELECT `url` FROM `tl_permission` WHERE ( position_id = %d ) 
ERR: Unknown column 'simple_menu' in 'field list'
 [ SQL语句 ] : SELECT `simple_menu` FROM `tl_user` WHERE ( user_id = 1 ) LIMIT 1  

